<?xml version="1.0" encoding="UTF-8"?>
<!-- Generated by org.testng.reporters.JUnitXMLReporter -->
<testsuite hostname="P11-AS-6TMVH32" ignored="2" tests="0" failures="0" timestamp="16 Mar 2019 11:53:07 GMT" time="0.005" errors="0">
  <testcase name="IncorrectloginTest" time="0.0" classname="com.hcm.qa.testcases.CRLoginPageTest">
    <ignored/>
  </testcase> <!-- IncorrectloginTest -->
  <testcase name="LoginTest" time="0.0" classname="com.hcm.qa.testcases.CRLoginPageTest">
    <ignored/>
  </testcase> <!-- LoginTest -->
</testsuite>
