<?xml version="1.0" encoding="UTF-8"?>
<!-- Generated by org.testng.reporters.JUnitXMLReporter -->
<testsuite ignored="0" hostname="DESKTOP-QESH9RJ" failures="0" tests="14" name="Test" time="5.778" errors="0" timestamp="2022-11-24T18:29:39 IST">
  <testcase classname="com.yahoo.qa.testcases.YahooSignUpPageTest" name="@BeforeClass setup" time="5.579">
    <failure type="java.lang.NoSuchMethodError" message="&amp;apos;void org.openqa.selenium.support.ui.WebDriverWait.&amp;lt;init&amp;gt;(org.openqa.selenium.WebDriver, long)&amp;apos;">
      <![CDATA[java.lang.NoSuchMethodError: 'void org.openqa.selenium.support.ui.WebDriverWait.<init>(org.openqa.selenium.WebDriver, long)'
at com.yahoo.qa.pages.YahooSignUpPage.<init>(YahooSignUpPage.java:21)
at com.yahoo.qa.testcases.YahooSignUpPageTest.setup(YahooSignUpPageTest.java:26)
at java.base/java.util.ArrayList.forEach(ArrayList.java:1511)
... Removed 25 stack frames]]>
    </failure>
  </testcase> <!-- @BeforeClass setup -->
  <testcase classname="com.yahoo.qa.testcases.YahooSignUpPageTest" name="@AfterClass teardown" time="-1.669294779803E9">
    <skipped/>
  </testcase> <!-- @AfterClass teardown -->
  <testcase classname="com.yahoo.qa.testcases.YahooSignUpPageTest" name="TC_YAH_001_mail_already_used" time="0.0">
    <skipped/>
  </testcase> <!-- TC_YAH_001_mail_already_used -->
  <testcase classname="com.yahoo.qa.testcases.YahooSignUpPageTest" name="TC_YAH_002_mail_strength" time="0.0">
    <skipped/>
  </testcase> <!-- TC_YAH_002_mail_strength -->
  <testcase classname="com.yahoo.qa.testcases.YahooSignUpPageTest" name="TC_YAH_003_mail_special_char" time="0.0">
    <skipped/>
  </testcase> <!-- TC_YAH_003_mail_special_char -->
  <testcase classname="com.yahoo.qa.testcases.YahooSignUpPageTest" name="TC_YAH_004_mail_digits_input" time="0.0">
    <skipped/>
  </testcase> <!-- TC_YAH_004_mail_digits_input -->
  <testcase classname="com.yahoo.qa.testcases.YahooSignUpPageTest" name="TC_YAH_005_password_strength" time="0.0">
    <skipped/>
  </testcase> <!-- TC_YAH_005_password_strength -->
  <testcase classname="com.yahoo.qa.testcases.YahooSignUpPageTest" name="TC_YAH_006_password_similar_name" time="0.0">
    <skipped/>
  </testcase> <!-- TC_YAH_006_password_similar_name -->
  <testcase classname="com.yahoo.qa.testcases.YahooSignUpPageTest" name="TC_YAH_007_mobile_invalid" time="0.0">
    <skipped/>
  </testcase> <!-- TC_YAH_007_mobile_invalid -->
  <testcase classname="com.yahoo.qa.testcases.YahooSignUpPageTest" name="TC_YAH_008_mobile_strength" time="0.0">
    <skipped/>
  </testcase> <!-- TC_YAH_008_mobile_strength -->
  <testcase classname="com.yahoo.qa.testcases.YahooSignUpPageTest" name="TC_YAH_009_bday_futuredate" time="0.0">
    <skipped/>
  </testcase> <!-- TC_YAH_009_bday_futuredate -->
  <testcase classname="com.yahoo.qa.testcases.YahooSignUpPageTest" name="TC_YAH_010_bday_alphanumeric" time="0.0">
    <skipped/>
  </testcase> <!-- TC_YAH_010_bday_alphanumeric -->
  <testcase classname="com.yahoo.qa.testcases.YahooSignUpPageTest" name="TC_YAH_011_mandatory_field_verify" time="0.0">
    <skipped/>
  </testcase> <!-- TC_YAH_011_mandatory_field_verify -->
  <testcase classname="com.yahoo.qa.testcases.YahooSignUpPageTest" name="TC_YAH_012_terms_link_verify" time="0.0">
    <skipped/>
  </testcase> <!-- TC_YAH_012_terms_link_verify -->
  <testcase classname="com.yahoo.qa.testcases.YahooSignUpPageTest" name="TC_YAH_013_privacy_link_verify" time="0.0">
    <skipped/>
  </testcase> <!-- TC_YAH_013_privacy_link_verify -->
  <testcase classname="com.yahoo.qa.testcases.YahooSignUpPageTest" name="TC_YAH_014_registration_upto_verificationpage_test" time="0.0">
    <skipped/>
  </testcase> <!-- TC_YAH_014_registration_upto_verificationpage_test -->
</testsuite> <!-- Test -->
